10-Mar-2021 12:03:30.815 정보 [main] org.apache.catalina.startup.VersionLoggerListener.log 서버 버전 이름:    Apache Tomcat/9.0.41
10-Mar-2021 12:03:30.825 정보 [main] org.apache.catalina.startup.VersionLoggerListener.log Server 빌드 시각:  Dec 3 2020 11:43:00 UTC
10-Mar-2021 12:03:30.826 정보 [main] org.apache.catalina.startup.VersionLoggerListener.log Server 버전 번호:  9.0.41.0
10-Mar-2021 12:03:30.826 정보 [main] org.apache.catalina.startup.VersionLoggerListener.log 운영체제 이름:     Windows 10
10-Mar-2021 12:03:30.827 정보 [main] org.apache.catalina.startup.VersionLoggerListener.log 운영체제 버전:     10.0
10-Mar-2021 12:03:30.827 정보 [main] org.apache.catalina.startup.VersionLoggerListener.log 아키텍처:          amd64
10-Mar-2021 12:03:30.827 정보 [main] org.apache.catalina.startup.VersionLoggerListener.log 자바 홈:           C:\Program Files\AdoptOpenJDK\jdk-11.0.9.101-hotspot
10-Mar-2021 12:03:30.828 정보 [main] org.apache.catalina.startup.VersionLoggerListener.log JVM 버전:          11.0.9.1+1
10-Mar-2021 12:03:30.828 정보 [main] org.apache.catalina.startup.VersionLoggerListener.log JVM 벤더:          AdoptOpenJDK
10-Mar-2021 12:03:30.828 정보 [main] org.apache.catalina.startup.VersionLoggerListener.log CATALINA_BASE:     C:\Users\quoti\Desktop\LocalRepo\__PROGRAMMING__\DevPac\apache-tomcat-9.0.41\apache-tomcat-9.0.41
10-Mar-2021 12:03:30.830 정보 [main] org.apache.catalina.startup.VersionLoggerListener.log CATALINA_HOME:     C:\Users\quoti\Desktop\LocalRepo\__PROGRAMMING__\DevPac\apache-tomcat-9.0.41\apache-tomcat-9.0.41
10-Mar-2021 12:03:30.857 정보 [main] org.apache.catalina.startup.VersionLoggerListener.log 명령 행 아규먼트:  --add-opens=java.base/java.lang=ALL-UNNAMED
10-Mar-2021 12:03:30.861 정보 [main] org.apache.catalina.startup.VersionLoggerListener.log 명령 행 아규먼트:  --add-opens=java.base/java.io=ALL-UNNAMED
10-Mar-2021 12:03:30.863 정보 [main] org.apache.catalina.startup.VersionLoggerListener.log 명령 행 아규먼트:  --add-opens=java.rmi/sun.rmi.transport=ALL-UNNAMED
10-Mar-2021 12:03:30.864 정보 [main] org.apache.catalina.startup.VersionLoggerListener.log 명령 행 아규먼트:  -Djava.util.logging.config.file=C:\Users\quoti\Desktop\LocalRepo\__PROGRAMMING__\DevPac\apache-tomcat-9.0.41\apache-tomcat-9.0.41\conf\logging.properties
10-Mar-2021 12:03:30.866 정보 [main] org.apache.catalina.startup.VersionLoggerListener.log 명령 행 아규먼트:  -Djava.util.logging.manager=org.apache.juli.ClassLoaderLogManager
10-Mar-2021 12:03:30.867 정보 [main] org.apache.catalina.startup.VersionLoggerListener.log 명령 행 아규먼트:  -Djdk.tls.ephemeralDHKeySize=2048
10-Mar-2021 12:03:30.868 정보 [main] org.apache.catalina.startup.VersionLoggerListener.log 명령 행 아규먼트:  -Djava.protocol.handler.pkgs=org.apache.catalina.webresources
10-Mar-2021 12:03:30.870 정보 [main] org.apache.catalina.startup.VersionLoggerListener.log 명령 행 아규먼트:  -Dignore.endorsed.dirs=
10-Mar-2021 12:03:30.871 정보 [main] org.apache.catalina.startup.VersionLoggerListener.log 명령 행 아규먼트:  -Dcatalina.base=C:\Users\quoti\Desktop\LocalRepo\__PROGRAMMING__\DevPac\apache-tomcat-9.0.41\apache-tomcat-9.0.41
10-Mar-2021 12:03:30.876 정보 [main] org.apache.catalina.startup.VersionLoggerListener.log 명령 행 아규먼트:  -Dcatalina.home=C:\Users\quoti\Desktop\LocalRepo\__PROGRAMMING__\DevPac\apache-tomcat-9.0.41\apache-tomcat-9.0.41
10-Mar-2021 12:03:30.877 정보 [main] org.apache.catalina.startup.VersionLoggerListener.log 명령 행 아규먼트:  -Djava.io.tmpdir=C:\Users\quoti\Desktop\LocalRepo\__PROGRAMMING__\DevPac\apache-tomcat-9.0.41\apache-tomcat-9.0.41\temp
10-Mar-2021 12:03:30.903 정보 [main] org.apache.catalina.core.AprLifecycleListener.lifecycleEvent 프로덕션 환경들에서 최적의 성능을 제공하는, APR 기반 Apache Tomcat Native 라이브러리가, 다음 java.library.path에서 발견되지 않습니다: [C:\Program Files\AdoptOpenJDK\jdk-11.0.9.101-hotspot\bin;C:\WINDOWS\Sun\Java\bin;C:\WINDOWS\system32;C:\WINDOWS;C:\Program Files\AdoptOpenJDK\jdk-11.0.9.101-hotspot\bin;C:\app\quoti\product\11.2.0\dbhome_1\bin;C:\Program Files\NVIDIA GPU Computing Toolkit\CUDA\v10.1\bin;C:\Program Files\NVIDIA GPU Computing Toolkit\CUDA\v10.1\libnvvp;C:\Program Files (x86)\Intel\Intel(R) Management Engine Components\iCLS\;C:\Program Files\Intel\Intel(R) Management Engine Components\iCLS\;C:\Windows\system32;C:\Windows;C:\Windows\System32\Wbem;C:\Windows\System32\WindowsPowerShell\v1.0\;C:\Windows\System32\OpenSSH\;C:\Program Files (x86)\Intel\Intel(R) Management Engine Components\DAL;C:\Program Files\Intel\Intel(R) Management Engine Components\DAL;C:\Program Files\Intel\WiFi\bin\;C:\Program Files\Common Files\Intel\WirelessCommon\;C:\Program Files\Java\jdk1.8.0_241\bin;C:\Program Files\nodejs\;C:\Program Files\PuTTY\;C:\Program Files\MongoDB\Server\4.2\bin;C:\Program Files (x86)\NVIDIA Corporation\PhysX\Common;C:\Program Files\NVIDIA Corporation\NVIDIA NvDLISR;C:\Program Files\NVIDIA Corporation\Nsight Compute 2019.4.0\;C:\Program Files\NVIDIA GPU Computing Toolkit\CUDA\v10.1\extras\CUPTI\libx64;C:\Program Files\NVIDIA GPU Computing Toolkit\CUDA\v10.1\include;C:\tools\cuda\bin;C:\WINDOWS\system32;C:\WINDOWS;C:\WINDOWS\System32\Wbem;C:\WINDOWS\System32\WindowsPowerShell\v1.0\;C:\WINDOWS\System32\OpenSSH\;C:\Program Files\Git\cmd;C:\Users\quoti\AppData\Local\Programs\Python\Python39;C:\Users\quoti\AppData\Local\Programs\Python\Python39\Scripts;C:\Users\quoti\mingw-w64\x86_64-8.1.0-posix-seh-rt_v6-rev0\mingw64\bin;C:\Program Files\dotnet\;C:\Program Files\Microsoft SQL Server\130\Tools\Binn\;C:\Program Files\Microsoft SQL Server\Client SDK\ODBC\170\Tools\Binn\;C:\Users\quoti\gradle-6.8.3-all\gradle-6.8.3\bin;C:\Program Files\MySQL\MySQL Shell 8.0\bin\;C:\Users\quoti\AppData\Local\Microsoft\WindowsApps;C:\Program Files\Bandizip\;C:\Users\quoti\AppData\Roaming\npm;C:\Users\quoti\AppData\Local\Programs\Microsoft VS Code\bin;C:\Users\quoti\AppData\Local\GitHubDesktop\bin;C:\Program Files\IBM\Cloud\bin;C:\Users\quoti\AppData\Local\Microsoft\WindowsApps;C:\Users\quoti\Desktop\HUB\Oracle Database 11g\sqldeveloper;;C:\Program Files\JetBrains\IntelliJ IDEA 2020.3.1\bin;;C:\Users\quoti\.dotnet\tools;C:\Program Files\JetBrains\IntelliJ IDEA Community Edition 2020.3.2\bin;;.]
10-Mar-2021 12:03:31.329 정보 [main] org.apache.coyote.AbstractProtocol.init 프로토콜 핸들러 ["http-nio-8080"]을(를) 초기화합니다.
10-Mar-2021 12:03:32.605 정보 [main] org.apache.catalina.startup.Catalina.load [2112] 밀리초 내에 서버가 초기화되었습니다.
10-Mar-2021 12:03:32.684 정보 [main] org.apache.catalina.core.StandardService.startInternal 서비스 [Catalina]을(를) 시작합니다.
10-Mar-2021 12:03:32.687 정보 [main] org.apache.catalina.core.StandardEngine.startInternal 서버 엔진을 시작합니다: [Apache Tomcat/9.0.41]
10-Mar-2021 12:03:32.708 정보 [main] org.apache.catalina.startup.HostConfig.deployDirectory 웹 애플리케이션 디렉토리 [C:\Users\quoti\Desktop\LocalRepo\__PROGRAMMING__\DevPac\apache-tomcat-9.0.41\apache-tomcat-9.0.41\webapps\docs]을(를) 배치합니다.
10-Mar-2021 12:03:34.097 경고 [main] org.apache.catalina.util.SessionIdGeneratorBase.createSecureRandom [SHA1PRNG] 알고리즘을 사용하여, 세션 ID를 생성하기 위한 SecureRandom 객체를 생성하는데, [1,026] 밀리초가 소요됐습니다.
10-Mar-2021 12:03:34.132 정보 [main] org.apache.catalina.startup.HostConfig.deployDirectory 웹 애플리케이션 디렉토리 [C:\Users\quoti\Desktop\LocalRepo\__PROGRAMMING__\DevPac\apache-tomcat-9.0.41\apache-tomcat-9.0.41\webapps\docs]에 대한 배치가 [1,424] 밀리초에 완료되었습니다.
10-Mar-2021 12:03:34.133 정보 [main] org.apache.catalina.startup.HostConfig.deployDirectory 웹 애플리케이션 디렉토리 [C:\Users\quoti\Desktop\LocalRepo\__PROGRAMMING__\DevPac\apache-tomcat-9.0.41\apache-tomcat-9.0.41\webapps\examples]을(를) 배치합니다.
10-Mar-2021 12:03:34.869 정보 [main] org.apache.catalina.startup.HostConfig.deployDirectory 웹 애플리케이션 디렉토리 [C:\Users\quoti\Desktop\LocalRepo\__PROGRAMMING__\DevPac\apache-tomcat-9.0.41\apache-tomcat-9.0.41\webapps\examples]에 대한 배치가 [736] 밀리초에 완료되었습니다.
10-Mar-2021 12:03:34.870 정보 [main] org.apache.catalina.startup.HostConfig.deployDirectory 웹 애플리케이션 디렉토리 [C:\Users\quoti\Desktop\LocalRepo\__PROGRAMMING__\DevPac\apache-tomcat-9.0.41\apache-tomcat-9.0.41\webapps\host-manager]을(를) 배치합니다.
10-Mar-2021 12:03:34.928 정보 [main] org.apache.catalina.startup.HostConfig.deployDirectory 웹 애플리케이션 디렉토리 [C:\Users\quoti\Desktop\LocalRepo\__PROGRAMMING__\DevPac\apache-tomcat-9.0.41\apache-tomcat-9.0.41\webapps\host-manager]에 대한 배치가 [58] 밀리초에 완료되었습니다.
10-Mar-2021 12:03:34.933 정보 [main] org.apache.catalina.startup.HostConfig.deployDirectory 웹 애플리케이션 디렉토리 [C:\Users\quoti\Desktop\LocalRepo\__PROGRAMMING__\DevPac\apache-tomcat-9.0.41\apache-tomcat-9.0.41\webapps\manager]을(를) 배치합니다.
10-Mar-2021 12:03:34.988 정보 [main] org.apache.catalina.startup.HostConfig.deployDirectory 웹 애플리케이션 디렉토리 [C:\Users\quoti\Desktop\LocalRepo\__PROGRAMMING__\DevPac\apache-tomcat-9.0.41\apache-tomcat-9.0.41\webapps\manager]에 대한 배치가 [56] 밀리초에 완료되었습니다.
10-Mar-2021 12:03:34.995 정보 [main] org.apache.catalina.startup.HostConfig.deployDirectory 웹 애플리케이션 디렉토리 [C:\Users\quoti\Desktop\LocalRepo\__PROGRAMMING__\DevPac\apache-tomcat-9.0.41\apache-tomcat-9.0.41\webapps\ROOT]을(를) 배치합니다.
10-Mar-2021 12:03:35.041 정보 [main] org.apache.catalina.startup.HostConfig.deployDirectory 웹 애플리케이션 디렉토리 [C:\Users\quoti\Desktop\LocalRepo\__PROGRAMMING__\DevPac\apache-tomcat-9.0.41\apache-tomcat-9.0.41\webapps\ROOT]에 대한 배치가 [47] 밀리초에 완료되었습니다.
10-Mar-2021 12:03:35.049 정보 [main] org.apache.coyote.AbstractProtocol.start 프로토콜 핸들러 ["http-nio-8080"]을(를) 시작합니다.
10-Mar-2021 12:03:35.063 정보 [main] org.apache.catalina.startup.Catalina.start 서버가 [2452] 밀리초 내에 시작되었습니다.
10-Mar-2021 12:04:51.958 심각 [main] org.apache.catalina.startup.Catalina.stopServer [localhost:8005] (base 포트 [8005] 그리고 offset [0])와(과) 연결할 수 없었습니다. Tomcat이 실행 중이지 않을 수 있습니다.
